Up to date
LeNet {
  conv1 :: Conv2d (features: 3, output: 6, kernelWidth: 5, kernelHeight: 5)
  conv2 :: Conv2d (features: 6, output: 16, kernelWidth: 5, kernelHeight: 5)
  fc1   :: Linear (input: 400, output: 120)
  fc2   :: Linear (input: 120, output: 84)
  fc3   :: Linear (input: 84, output: 10)
}

epochs start

"epoch (1,3)"

[Epoch 1/3](4b#500)[ce 2.3019]
[Epoch 1/3](4b#1000)[ce 2.3036]
[Epoch 1/3](4b#1500)[ce 2.3021]
[Epoch 1/3](4b#2000)[ce 2.3026]
[Epoch 1/3](4b#2500)[ce 2.3011]
[Epoch 1/3](4b#3000)[ce 2.2999]
[Epoch 1/3](4b#3500)[ce 2.2975]
[Epoch 1/3](4b#4000)[ce 2.2972]
[Epoch 1/3](4b#4500)[ce 2.2955]
[Epoch 1/3](4b#5000)[ce 2.2927]
"epoch (2,3)"

[Epoch 2/3](4b#500)[ce 2.2901]